

Started GET "/picture" for 127.0.0.1 at 2013-09-30 00:50:05 +0900

ActionController::RoutingError (No route matches [GET] "/picture"):
  actionpack (4.0.0) lib/action_dispatch/middleware/debug_exceptions.rb:21:in `call'
  actionpack (4.0.0) lib/action_dispatch/middleware/show_exceptions.rb:30:in `call'
  railties (4.0.0) lib/rails/rack/logger.rb:38:in `call_app'
  railties (4.0.0) lib/rails/rack/logger.rb:21:in `block in call'
  activesupport (4.0.0) lib/active_support/tagged_logging.rb:67:in `block in tagged'
  activesupport (4.0.0) lib/active_support/tagged_logging.rb:25:in `tagged'
  activesupport (4.0.0) lib/active_support/tagged_logging.rb:67:in `tagged'
  railties (4.0.0) lib/rails/rack/logger.rb:21:in `call'
  actionpack (4.0.0) lib/action_dispatch/middleware/request_id.rb:21:in `call'
  rack (1.5.2) lib/rack/methodoverride.rb:21:in `call'
  rack (1.5.2) lib/rack/runtime.rb:17:in `call'
  activesupport (4.0.0) lib/active_support/cache/strategy/local_cache.rb:83:in `call'
  rack (1.5.2) lib/rack/lock.rb:17:in `call'
  actionpack (4.0.0) lib/action_dispatch/middleware/static.rb:64:in `call'
  railties (4.0.0) lib/rails/engine.rb:511:in `call'
  railties (4.0.0) lib/rails/application.rb:97:in `call'
  rack (1.5.2) lib/rack/lock.rb:17:in `call'
  rack (1.5.2) lib/rack/content_length.rb:14:in `call'
  rack (1.5.2) lib/rack/handler/webrick.rb:60:in `service'
  /Users/kai/.rvm/rubies/ruby-2.0.0-p247/lib/ruby/2.0.0/webrick/httpserver.rb:138:in `service'
  /Users/kai/.rvm/rubies/ruby-2.0.0-p247/lib/ruby/2.0.0/webrick/httpserver.rb:94:in `run'
  /Users/kai/.rvm/rubies/ruby-2.0.0-p247/lib/ruby/2.0.0/webrick/server.rb:295:in `block in start_thread'


  Rendered /Users/kai/.rvm/gems/ruby-2.0.0-p247/gems/actionpack-4.0.0/lib/action_dispatch/middleware/templates/rescues/_trace.erb (1.8ms)
  Rendered /Users/kai/.rvm/gems/ruby-2.0.0-p247/gems/actionpack-4.0.0/lib/action_dispatch/middleware/templates/routes/_route.html.erb (1.3ms)
  Rendered /Users/kai/.rvm/gems/ruby-2.0.0-p247/gems/actionpack-4.0.0/lib/action_dispatch/middleware/templates/routes/_table.html.erb (9.3ms)
  Rendered /Users/kai/.rvm/gems/ruby-2.0.0-p247/gems/actionpack-4.0.0/lib/action_dispatch/middleware/templates/rescues/routing_error.erb within rescues/layout (56.7ms)


Started GET "/pictures" for 127.0.0.1 at 2013-09-30 00:50:13 +0900

ActionController::RoutingError (No route matches [GET] "/pictures"):
  actionpack (4.0.0) lib/action_dispatch/middleware/debug_exceptions.rb:21:in `call'
  actionpack (4.0.0) lib/action_dispatch/middleware/show_exceptions.rb:30:in `call'
  railties (4.0.0) lib/rails/rack/logger.rb:38:in `call_app'
  railties (4.0.0) lib/rails/rack/logger.rb:21:in `block in call'
  activesupport (4.0.0) lib/active_support/tagged_logging.rb:67:in `block in tagged'
  activesupport (4.0.0) lib/active_support/tagged_logging.rb:25:in `tagged'
  activesupport (4.0.0) lib/active_support/tagged_logging.rb:67:in `tagged'
  railties (4.0.0) lib/rails/rack/logger.rb:21:in `call'
  actionpack (4.0.0) lib/action_dispatch/middleware/request_id.rb:21:in `call'
  rack (1.5.2) lib/rack/methodoverride.rb:21:in `call'
  rack (1.5.2) lib/rack/runtime.rb:17:in `call'
  activesupport (4.0.0) lib/active_support/cache/strategy/local_cache.rb:83:in `call'
  rack (1.5.2) lib/rack/lock.rb:17:in `call'
  actionpack (4.0.0) lib/action_dispatch/middleware/static.rb:64:in `call'
  railties (4.0.0) lib/rails/engine.rb:511:in `call'
  railties (4.0.0) lib/rails/application.rb:97:in `call'
  rack (1.5.2) lib/rack/lock.rb:17:in `call'
  rack (1.5.2) lib/rack/content_length.rb:14:in `call'
  rack (1.5.2) lib/rack/handler/webrick.rb:60:in `service'
  /Users/kai/.rvm/rubies/ruby-2.0.0-p247/lib/ruby/2.0.0/webrick/httpserver.rb:138:in `service'
  /Users/kai/.rvm/rubies/ruby-2.0.0-p247/lib/ruby/2.0.0/webrick/httpserver.rb:94:in `run'
  /Users/kai/.rvm/rubies/ruby-2.0.0-p247/lib/ruby/2.0.0/webrick/server.rb:295:in `block in start_thread'


  Rendered /Users/kai/.rvm/gems/ruby-2.0.0-p247/gems/actionpack-4.0.0/lib/action_dispatch/middleware/templates/rescues/_trace.erb (2.3ms)
  Rendered /Users/kai/.rvm/gems/ruby-2.0.0-p247/gems/actionpack-4.0.0/lib/action_dispatch/middleware/templates/routes/_route.html.erb (1.2ms)
  Rendered /Users/kai/.rvm/gems/ruby-2.0.0-p247/gems/actionpack-4.0.0/lib/action_dispatch/middleware/templates/routes/_table.html.erb (1.9ms)
  Rendered /Users/kai/.rvm/gems/ruby-2.0.0-p247/gems/actionpack-4.0.0/lib/action_dispatch/middleware/templates/rescues/routing_error.erb within rescues/layout (35.6ms)


Started GET "/pictures/" for 127.0.0.1 at 2013-09-30 00:50:18 +0900

ActionController::RoutingError (No route matches [GET] "/pictures"):
  actionpack (4.0.0) lib/action_dispatch/middleware/debug_exceptions.rb:21:in `call'
  actionpack (4.0.0) lib/action_dispatch/middleware/show_exceptions.rb:30:in `call'
  railties (4.0.0) lib/rails/rack/logger.rb:38:in `call_app'
  railties (4.0.0) lib/rails/rack/logger.rb:21:in `block in call'
  activesupport (4.0.0) lib/active_support/tagged_logging.rb:67:in `block in tagged'
  activesupport (4.0.0) lib/active_support/tagged_logging.rb:25:in `tagged'
  activesupport (4.0.0) lib/active_support/tagged_logging.rb:67:in `tagged'
  railties (4.0.0) lib/rails/rack/logger.rb:21:in `call'
  actionpack (4.0.0) lib/action_dispatch/middleware/request_id.rb:21:in `call'
  rack (1.5.2) lib/rack/methodoverride.rb:21:in `call'
  rack (1.5.2) lib/rack/runtime.rb:17:in `call'
  activesupport (4.0.0) lib/active_support/cache/strategy/local_cache.rb:83:in `call'
  rack (1.5.2) lib/rack/lock.rb:17:in `call'
  actionpack (4.0.0) lib/action_dispatch/middleware/static.rb:64:in `call'
  railties (4.0.0) lib/rails/engine.rb:511:in `call'
  railties (4.0.0) lib/rails/application.rb:97:in `call'
  rack (1.5.2) lib/rack/lock.rb:17:in `call'
  rack (1.5.2) lib/rack/content_length.rb:14:in `call'
  rack (1.5.2) lib/rack/handler/webrick.rb:60:in `service'
  /Users/kai/.rvm/rubies/ruby-2.0.0-p247/lib/ruby/2.0.0/webrick/httpserver.rb:138:in `service'
  /Users/kai/.rvm/rubies/ruby-2.0.0-p247/lib/ruby/2.0.0/webrick/httpserver.rb:94:in `run'
  /Users/kai/.rvm/rubies/ruby-2.0.0-p247/lib/ruby/2.0.0/webrick/server.rb:295:in `block in start_thread'


  Rendered /Users/kai/.rvm/gems/ruby-2.0.0-p247/gems/actionpack-4.0.0/lib/action_dispatch/middleware/templates/rescues/_trace.erb (1.8ms)
  Rendered /Users/kai/.rvm/gems/ruby-2.0.0-p247/gems/actionpack-4.0.0/lib/action_dispatch/middleware/templates/routes/_route.html.erb (1.2ms)
  Rendered /Users/kai/.rvm/gems/ruby-2.0.0-p247/gems/actionpack-4.0.0/lib/action_dispatch/middleware/templates/routes/_table.html.erb (1.7ms)
  Rendered /Users/kai/.rvm/gems/ruby-2.0.0-p247/gems/actionpack-4.0.0/lib/action_dispatch/middleware/templates/rescues/routing_error.erb within rescues/layout (34.5ms)


Started GET "/pictures/index" for 127.0.0.1 at 2013-09-30 00:50:29 +0900

ActionController::RoutingError (No route matches [GET] "/pictures/index"):
  actionpack (4.0.0) lib/action_dispatch/middleware/debug_exceptions.rb:21:in `call'
  actionpack (4.0.0) lib/action_dispatch/middleware/show_exceptions.rb:30:in `call'
  railties (4.0.0) lib/rails/rack/logger.rb:38:in `call_app'
  railties (4.0.0) lib/rails/rack/logger.rb:21:in `block in call'
  activesupport (4.0.0) lib/active_support/tagged_logging.rb:67:in `block in tagged'
  activesupport (4.0.0) lib/active_support/tagged_logging.rb:25:in `tagged'
  activesupport (4.0.0) lib/active_support/tagged_logging.rb:67:in `tagged'
  railties (4.0.0) lib/rails/rack/logger.rb:21:in `call'
  actionpack (4.0.0) lib/action_dispatch/middleware/request_id.rb:21:in `call'
  rack (1.5.2) lib/rack/methodoverride.rb:21:in `call'
  rack (1.5.2) lib/rack/runtime.rb:17:in `call'
  activesupport (4.0.0) lib/active_support/cache/strategy/local_cache.rb:83:in `call'
  rack (1.5.2) lib/rack/lock.rb:17:in `call'
  actionpack (4.0.0) lib/action_dispatch/middleware/static.rb:64:in `call'
  railties (4.0.0) lib/rails/engine.rb:511:in `call'
  railties (4.0.0) lib/rails/application.rb:97:in `call'
  rack (1.5.2) lib/rack/lock.rb:17:in `call'
  rack (1.5.2) lib/rack/content_length.rb:14:in `call'
  rack (1.5.2) lib/rack/handler/webrick.rb:60:in `service'
  /Users/kai/.rvm/rubies/ruby-2.0.0-p247/lib/ruby/2.0.0/webrick/httpserver.rb:138:in `service'
  /Users/kai/.rvm/rubies/ruby-2.0.0-p247/lib/ruby/2.0.0/webrick/httpserver.rb:94:in `run'
  /Users/kai/.rvm/rubies/ruby-2.0.0-p247/lib/ruby/2.0.0/webrick/server.rb:295:in `block in start_thread'


  Rendered /Users/kai/.rvm/gems/ruby-2.0.0-p247/gems/actionpack-4.0.0/lib/action_dispatch/middleware/templates/rescues/_trace.erb (2.0ms)
  Rendered /Users/kai/.rvm/gems/ruby-2.0.0-p247/gems/actionpack-4.0.0/lib/action_dispatch/middleware/templates/routes/_route.html.erb (1.2ms)
  Rendered /Users/kai/.rvm/gems/ruby-2.0.0-p247/gems/actionpack-4.0.0/lib/action_dispatch/middleware/templates/routes/_table.html.erb (6.9ms)
  Rendered /Users/kai/.rvm/gems/ruby-2.0.0-p247/gems/actionpack-4.0.0/lib/action_dispatch/middleware/templates/rescues/routing_error.erb within rescues/layout (109.8ms)


Started GET "/picture/index" for 127.0.0.1 at 2013-09-30 00:50:33 +0900
Processing by PictureController#index as HTML
Completed 500 Internal Server Error in 56ms

Errno::ENOENT (No such file or directory - www.daum.net):
  app/controllers/picture_controller.rb:4:in `initialize'
  app/controllers/picture_controller.rb:4:in `open'
  app/controllers/picture_controller.rb:4:in `index'


  Rendered /Users/kai/.rvm/gems/ruby-2.0.0-p247/gems/actionpack-4.0.0/lib/action_dispatch/middleware/templates/rescues/_source.erb (1.2ms)
  Rendered /Users/kai/.rvm/gems/ruby-2.0.0-p247/gems/actionpack-4.0.0/lib/action_dispatch/middleware/templates/rescues/_trace.erb (2.2ms)
  Rendered /Users/kai/.rvm/gems/ruby-2.0.0-p247/gems/actionpack-4.0.0/lib/action_dispatch/middleware/templates/rescues/_request_and_response.erb (1.6ms)
  Rendered /Users/kai/.rvm/gems/ruby-2.0.0-p247/gems/actionpack-4.0.0/lib/action_dispatch/middleware/templates/rescues/diagnostics.erb within rescues/layout (52.8ms)


Started GET "/picture/index" for 127.0.0.1 at 2013-09-30 00:52:35 +0900
Processing by PictureController#index as HTML
  Rendered picture/index.html.erb within layouts/application (0.7ms)
Completed 200 OK in 3154ms (Views: 1376.3ms | ActiveRecord: 0.0ms)


Started GET "/assets/picture.css?body=1" for 127.0.0.1 at 2013-09-30 00:52:38 +0900


Started GET "/assets/jquery_ujs.js?body=1" for 127.0.0.1 at 2013-09-30 00:52:38 +0900


Started GET "/assets/turbolinks.js?body=1" for 127.0.0.1 at 2013-09-30 00:52:38 +0900


Started GET "/assets/application.css?body=1" for 127.0.0.1 at 2013-09-30 00:52:38 +0900


Started GET "/assets/application.js?body=1" for 127.0.0.1 at 2013-09-30 00:52:38 +0900


Started GET "/assets/jquery.js?body=1" for 127.0.0.1 at 2013-09-30 00:52:38 +0900


Started GET "/assets/picture.js?body=1" for 127.0.0.1 at 2013-09-30 00:52:38 +0900


Started GET "/picture/index.json" for 127.0.0.1 at 2013-09-30 00:52:43 +0900
Processing by PictureController#index as JSON
ERROR: compiling _app_views_picture_index_json_jbuilder__1044049859296455456_70269445095560 RAISED /Users/kai/Desktop/rails/pic/picture/app/views/picture/index.json.jbuilder:2: unterminated string meets end of file
/Users/kai/Desktop/rails/pic/picture/app/views/picture/index.json.jbuilder:2: syntax error, unexpected end-of-input, expecting keyword_end
Function body:           def _app_views_picture_index_json_jbuilder__1044049859296455456_70269445095560(local_assigns, output_buffer)
            _old_virtual_path, @virtual_path = @virtual_path, "picture/index";_old_output_buffer = @output_buffer;;__already_defined = defined?(json); json||=JbuilderTemplate.new(self); {status:true}
json.doc doc`

      json.target! unless __already_defined
          ensure
            @virtual_path, @output_buffer = _old_virtual_path, _old_output_buffer
          end

Backtrace: /Users/kai/.rvm/gems/ruby-2.0.0-p247/gems/actionpack-4.0.0/lib/action_view/template.rb:299:in `module_eval'
/Users/kai/.rvm/gems/ruby-2.0.0-p247/gems/actionpack-4.0.0/lib/action_view/template.rb:299:in `compile'
/Users/kai/.rvm/gems/ruby-2.0.0-p247/gems/actionpack-4.0.0/lib/action_view/template.rb:248:in `block in compile!'
/Users/kai/.rvm/gems/ruby-2.0.0-p247/gems/actionpack-4.0.0/lib/action_view/template.rb:236:in `synchronize'
/Users/kai/.rvm/gems/ruby-2.0.0-p247/gems/actionpack-4.0.0/lib/action_view/template.rb:236:in `compile!'
/Users/kai/.rvm/gems/ruby-2.0.0-p247/gems/actionpack-4.0.0/lib/action_view/template.rb:142:in `block in render'
/Users/kai/.rvm/gems/ruby-2.0.0-p247/gems/activesupport-4.0.0/lib/active_support/notifications.rb:161:in `instrument'
/Users/kai/.rvm/gems/ruby-2.0.0-p247/gems/actionpack-4.0.0/lib/action_view/template.rb:141:in `render'
/Users/kai/.rvm/gems/ruby-2.0.0-p247/gems/actionpack-4.0.0/lib/action_view/renderer/template_renderer.rb:49:in `block (2 levels) in render_template'
/Users/kai/.rvm/gems/ruby-2.0.0-p247/gems/actionpack-4.0.0/lib/action_view/renderer/abstract_renderer.rb:38:in `block in instrument'
/Users/kai/.rvm/gems/ruby-2.0.0-p247/gems/activesupport-4.0.0/lib/active_support/notifications.rb:159:in `block in instrument'
/Users/kai/.rvm/gems/ruby-2.0.0-p247/gems/activesupport-4.0.0/lib/active_support/notifications/instrumenter.rb:20:in `instrument'
/Users/kai/.rvm/gems/ruby-2.0.0-p247/gems/activesupport-4.0.0/lib/active_support/notifications.rb:159:in `instrument'
/Users/kai/.rvm/gems/ruby-2.0.0-p247/gems/actionpack-4.0.0/lib/action_view/renderer/abstract_renderer.rb:38:in `instrument'
/Users/kai/.rvm/gems/ruby-2.0.0-p247/gems/actionpack-4.0.0/lib/action_view/renderer/template_renderer.rb:48:in `block in render_template'
/Users/kai/.rvm/gems/ruby-2.0.0-p247/gems/actionpack-4.0.0/lib/action_view/renderer/template_renderer.rb:56:in `render_with_layout'
/Users/kai/.rvm/gems/ruby-2.0.0-p247/gems/actionpack-4.0.0/lib/action_view/renderer/template_renderer.rb:47:in `render_template'
/Users/kai/.rvm/gems/ruby-2.0.0-p247/gems/actionpack-4.0.0/lib/action_view/renderer/template_renderer.rb:17:in `render'
/Users/kai/.rvm/gems/ruby-2.0.0-p247/gems/actionpack-4.0.0/lib/action_view/renderer/renderer.rb:42:in `render_template'
/Users/kai/.rvm/gems/ruby-2.0.0-p247/gems/actionpack-4.0.0/lib/action_view/renderer/renderer.rb:23:in `render'
/Users/kai/.rvm/gems/ruby-2.0.0-p247/gems/actionpack-4.0.0/lib/abstract_controller/rendering.rb:127:in `_render_template'
/Users/kai/.rvm/gems/ruby-2.0.0-p247/gems/actionpack-4.0.0/lib/action_controller/metal/streaming.rb:219:in `_render_template'
/Users/kai/.rvm/gems/ruby-2.0.0-p247/gems/actionpack-4.0.0/lib/abstract_controller/rendering.rb:120:in `render_to_body'
/Users/kai/.rvm/gems/ruby-2.0.0-p247/gems/actionpack-4.0.0/lib/action_controller/metal/rendering.rb:33:in `render_to_body'
/Users/kai/.rvm/gems/ruby-2.0.0-p247/gems/actionpack-4.0.0/lib/action_controller/metal/renderers.rb:26:in `render_to_body'
/Users/kai/.rvm/gems/ruby-2.0.0-p247/gems/actionpack-4.0.0/lib/abstract_controller/rendering.rb:97:in `render'
/Users/kai/.rvm/gems/ruby-2.0.0-p247/gems/actionpack-4.0.0/lib/action_controller/metal/rendering.rb:16:in `render'
/Users/kai/.rvm/gems/ruby-2.0.0-p247/gems/actionpack-4.0.0/lib/action_controller/metal/instrumentation.rb:41:in `block (2 levels) in render'
/Users/kai/.rvm/gems/ruby-2.0.0-p247/gems/activesupport-4.0.0/lib/active_support/core_ext/benchmark.rb:12:in `block in ms'
/Users/kai/.rvm/rubies/ruby-2.0.0-p247/lib/ruby/2.0.0/benchmark.rb:296:in `realtime'
/Users/kai/.rvm/gems/ruby-2.0.0-p247/gems/activesupport-4.0.0/lib/active_support/core_ext/benchmark.rb:12:in `ms'
/Users/kai/.rvm/gems/ruby-2.0.0-p247/gems/actionpack-4.0.0/lib/action_controller/metal/instrumentation.rb:41:in `block in render'
/Users/kai/.rvm/gems/ruby-2.0.0-p247/gems/actionpack-4.0.0/lib/action_controller/metal/instrumentation.rb:84:in `cleanup_view_runtime'
/Users/kai/.rvm/gems/ruby-2.0.0-p247/gems/activerecord-4.0.0/lib/active_record/railties/controller_runtime.rb:25:in `cleanup_view_runtime'
/Users/kai/.rvm/gems/ruby-2.0.0-p247/gems/actionpack-4.0.0/lib/action_controller/metal/instrumentation.rb:40:in `render'
/Users/kai/.rvm/gems/ruby-2.0.0-p247/gems/actionpack-4.0.0/lib/action_controller/metal/implicit_render.rb:10:in `default_render'
/Users/kai/.rvm/gems/ruby-2.0.0-p247/gems/actionpack-4.0.0/lib/action_controller/metal/implicit_render.rb:5:in `send_action'
/Users/kai/.rvm/gems/ruby-2.0.0-p247/gems/actionpack-4.0.0/lib/abstract_controller/base.rb:189:in `process_action'
/Users/kai/.rvm/gems/ruby-2.0.0-p247/gems/actionpack-4.0.0/lib/action_controller/metal/rendering.rb:10:in `process_action'
/Users/kai/.rvm/gems/ruby-2.0.0-p247/gems/actionpack-4.0.0/lib/abstract_controller/callbacks.rb:18:in `block in process_action'
/Users/kai/.rvm/gems/ruby-2.0.0-p247/gems/activesupport-4.0.0/lib/active_support/callbacks.rb:403:in `_run__1177448593878962132__process_action__callbacks'
/Users/kai/.rvm/gems/ruby-2.0.0-p247/gems/activesupport-4.0.0/lib/active_support/callbacks.rb:80:in `run_callbacks'
/Users/kai/.rvm/gems/ruby-2.0.0-p247/gems/actionpack-4.0.0/lib/abstract_controller/callbacks.rb:17:in `process_action'
/Users/kai/.rvm/gems/ruby-2.0.0-p247/gems/actionpack-4.0.0/lib/action_controller/metal/rescue.rb:29:in `process_action'
/Users/kai/.rvm/gems/ruby-2.0.0-p247/gems/actionpack-4.0.0/lib/action_controller/metal/instrumentation.rb:31:in `block in process_action'
/Users/kai/.rvm/gems/ruby-2.0.0-p247/gems/activesupport-4.0.0/lib/active_support/notifications.rb:159:in `block in instrument'
/Users/kai/.rvm/gems/ruby-2.0.0-p247/gems/activesupport-4.0.0/lib/active_support/notifications/instrumenter.rb:20:in `instrument'
/Users/kai/.rvm/gems/ruby-2.0.0-p247/gems/activesupport-4.0.0/lib/active_support/notifications.rb:159:in `instrument'
/Users/kai/.rvm/gems/ruby-2.0.0-p247/gems/actionpack-4.0.0/lib/action_controller/metal/instrumentation.rb:30:in `process_action'
/Users/kai/.rvm/gems/ruby-2.0.0-p247/gems/actionpack-4.0.0/lib/action_controller/metal/params_wrapper.rb:245:in `process_action'
/Users/kai/.rvm/gems/ruby-2.0.0-p247/gems/activerecord-4.0.0/lib/active_record/railties/controller_runtime.rb:18:in `process_action'
/Users/kai/.rvm/gems/ruby-2.0.0-p247/gems/actionpack-4.0.0/lib/abstract_controller/base.rb:136:in `process'
/Users/kai/.rvm/gems/ruby-2.0.0-p247/gems/actionpack-4.0.0/lib/abstract_controller/rendering.rb:44:in `process'
/Users/kai/.rvm/gems/ruby-2.0.0-p247/gems/actionpack-4.0.0/lib/action_controller/metal.rb:195:in `dispatch'
/Users/kai/.rvm/gems/ruby-2.0.0-p247/gems/actionpack-4.0.0/lib/action_controller/metal/rack_delegation.rb:13:in `dispatch'
/Users/kai/.rvm/gems/ruby-2.0.0-p247/gems/actionpack-4.0.0/lib/action_controller/metal.rb:231:in `block in action'
/Users/kai/.rvm/gems/ruby-2.0.0-p247/gems/actionpack-4.0.0/lib/action_dispatch/routing/route_set.rb:80:in `call'
/Users/kai/.rvm/gems/ruby-2.0.0-p247/gems/actionpack-4.0.0/lib/action_dispatch/routing/route_set.rb:80:in `dispatch'
/Users/kai/.rvm/gems/ruby-2.0.0-p247/gems/actionpack-4.0.0/lib/action_dispatch/routing/route_set.rb:48:in `call'
/Users/kai/.rvm/gems/ruby-2.0.0-p247/gems/actionpack-4.0.0/lib/action_dispatch/journey/router.rb:71:in `block in call'
/Users/kai/.rvm/gems/ruby-2.0.0-p247/gems/actionpack-4.0.0/lib/action_dispatch/journey/router.rb:59:in `each'
/Users/kai/.rvm/gems/ruby-2.0.0-p247/gems/actionpack-4.0.0/lib/action_dispatch/journey/router.rb:59:in `call'
/Users/kai/.rvm/gems/ruby-2.0.0-p247/gems/actionpack-4.0.0/lib/action_dispatch/routing/route_set.rb:655:in `call'
/Users/kai/.rvm/gems/ruby-2.0.0-p247/gems/rack-1.5.2/lib/rack/etag.rb:23:in `call'
/Users/kai/.rvm/gems/ruby-2.0.0-p247/gems/rack-1.5.2/lib/rack/conditionalget.rb:25:in `call'
/Users/kai/.rvm/gems/ruby-2.0.0-p247/gems/rack-1.5.2/lib/rack/head.rb:11:in `call'
/Users/kai/.rvm/gems/ruby-2.0.0-p247/gems/actionpack-4.0.0/lib/action_dispatch/middleware/params_parser.rb:27:in `call'
/Users/kai/.rvm/gems/ruby-2.0.0-p247/gems/actionpack-4.0.0/lib/action_dispatch/middleware/flash.rb:241:in `call'
/Users/kai/.rvm/gems/ruby-2.0.0-p247/gems/rack-1.5.2/lib/rack/session/abstract/id.rb:225:in `context'
/Users/kai/.rvm/gems/ruby-2.0.0-p247/gems/rack-1.5.2/lib/rack/session/abstract/id.rb:220:in `call'
/Users/kai/.rvm/gems/ruby-2.0.0-p247/gems/actionpack-4.0.0/lib/action_dispatch/middleware/cookies.rb:486:in `call'
/Users/kai/.rvm/gems/ruby-2.0.0-p247/gems/activerecord-4.0.0/lib/active_record/query_cache.rb:36:in `call'
/Users/kai/.rvm/gems/ruby-2.0.0-p247/gems/activerecord-4.0.0/lib/active_record/connection_adapters/abstract/connection_pool.rb:626:in `call'
/Users/kai/.rvm/gems/ruby-2.0.0-p247/gems/activerecord-4.0.0/lib/active_record/migration.rb:369:in `call'
/Users/kai/.rvm/gems/ruby-2.0.0-p247/gems/actionpack-4.0.0/lib/action_dispatch/middleware/callbacks.rb:29:in `block in call'
/Users/kai/.rvm/gems/ruby-2.0.0-p247/gems/activesupport-4.0.0/lib/active_support/callbacks.rb:373:in `_run__1854866762112004211__call__callbacks'
/Users/kai/.rvm/gems/ruby-2.0.0-p247/gems/activesupport-4.0.0/lib/active_support/callbacks.rb:80:in `run_callbacks'
/Users/kai/.rvm/gems/ruby-2.0.0-p247/gems/actionpack-4.0.0/lib/action_dispatch/middleware/callbacks.rb:27:in `call'
/Users/kai/.rvm/gems/ruby-2.0.0-p247/gems/actionpack-4.0.0/lib/action_dispatch/middleware/reloader.rb:64:in `call'
/Users/kai/.rvm/gems/ruby-2.0.0-p247/gems/actionpack-4.0.0/lib/action_dispatch/middleware/remote_ip.rb:76:in `call'
/Users/kai/.rvm/gems/ruby-2.0.0-p247/gems/actionpack-4.0.0/lib/action_dispatch/middleware/debug_exceptions.rb:17:in `call'
/Users/kai/.rvm/gems/ruby-2.0.0-p247/gems/actionpack-4.0.0/lib/action_dispatch/middleware/show_exceptions.rb:30:in `call'
/Users/kai/.rvm/gems/ruby-2.0.0-p247/gems/railties-4.0.0/lib/rails/rack/logger.rb:38:in `call_app'
/Users/kai/.rvm/gems/ruby-2.0.0-p247/gems/railties-4.0.0/lib/rails/rack/logger.rb:21:in `block in call'
/Users/kai/.rvm/gems/ruby-2.0.0-p247/gems/activesupport-4.0.0/lib/active_support/tagged_logging.rb:67:in `block in tagged'
/Users/kai/.rvm/gems/ruby-2.0.0-p247/gems/activesupport-4.0.0/lib/active_support/tagged_logging.rb:25:in `tagged'
/Users/kai/.rvm/gems/ruby-2.0.0-p247/gems/activesupport-4.0.0/lib/active_support/tagged_logging.rb:67:in `tagged'
/Users/kai/.rvm/gems/ruby-2.0.0-p247/gems/railties-4.0.0/lib/rails/rack/logger.rb:21:in `call'
/Users/kai/.rvm/gems/ruby-2.0.0-p247/gems/actionpack-4.0.0/lib/action_dispatch/middleware/request_id.rb:21:in `call'
/Users/kai/.rvm/gems/ruby-2.0.0-p247/gems/rack-1.5.2/lib/rack/methodoverride.rb:21:in `call'
/Users/kai/.rvm/gems/ruby-2.0.0-p247/gems/rack-1.5.2/lib/rack/runtime.rb:17:in `call'
/Users/kai/.rvm/gems/ruby-2.0.0-p247/gems/activesupport-4.0.0/lib/active_support/cache/strategy/local_cache.rb:83:in `call'
/Users/kai/.rvm/gems/ruby-2.0.0-p247/gems/rack-1.5.2/lib/rack/lock.rb:17:in `call'
/Users/kai/.rvm/gems/ruby-2.0.0-p247/gems/actionpack-4.0.0/lib/action_dispatch/middleware/static.rb:64:in `call'
/Users/kai/.rvm/gems/ruby-2.0.0-p247/gems/railties-4.0.0/lib/rails/engine.rb:511:in `call'
/Users/kai/.rvm/gems/ruby-2.0.0-p247/gems/railties-4.0.0/lib/rails/application.rb:97:in `call'
/Users/kai/.rvm/gems/ruby-2.0.0-p247/gems/rack-1.5.2/lib/rack/lock.rb:17:in `call'
/Users/kai/.rvm/gems/ruby-2.0.0-p247/gems/rack-1.5.2/lib/rack/content_length.rb:14:in `call'
/Users/kai/.rvm/gems/ruby-2.0.0-p247/gems/rack-1.5.2/lib/rack/handler/webrick.rb:60:in `service'
/Users/kai/.rvm/rubies/ruby-2.0.0-p247/lib/ruby/2.0.0/webrick/httpserver.rb:138:in `service'
/Users/kai/.rvm/rubies/ruby-2.0.0-p247/lib/ruby/2.0.0/webrick/httpserver.rb:94:in `run'
/Users/kai/.rvm/rubies/ruby-2.0.0-p247/lib/ruby/2.0.0/webrick/server.rb:295:in `block in start_thread'
  Rendered picture/index.json.jbuilder (4.0ms)
Completed 500 Internal Server Error in 192ms

ActionView::Template::Error (/Users/kai/Desktop/rails/pic/picture/app/views/picture/index.json.jbuilder:2: unterminated string meets end of file
/Users/kai/Desktop/rails/pic/picture/app/views/picture/index.json.jbuilder:2: syntax error, unexpected end-of-input, expecting keyword_end):
    1: {status:true}
    2: json.doc doc`
  actionpack (4.0.0) lib/action_view/template.rb:299:in `module_eval'
  actionpack (4.0.0) lib/action_view/template.rb:299:in `compile'
  actionpack (4.0.0) lib/action_view/template.rb:248:in `block in compile!'
  actionpack (4.0.0) lib/action_view/template.rb:236:in `synchronize'
  actionpack (4.0.0) lib/action_view/template.rb:236:in `compile!'
  actionpack (4.0.0) lib/action_view/template.rb:142:in `block in render'
  activesupport (4.0.0) lib/active_support/notifications.rb:161:in `instrument'
  actionpack (4.0.0) lib/action_view/template.rb:141:in `render'
  actionpack (4.0.0) lib/action_view/renderer/template_renderer.rb:49:in `block (2 levels) in render_template'
  actionpack (4.0.0) lib/action_view/renderer/abstract_renderer.rb:38:in `block in instrument'
  activesupport (4.0.0) lib/active_support/notifications.rb:159:in `block in instrument'
  activesupport (4.0.0) lib/active_support/notifications/instrumenter.rb:20:in `instrument'
  activesupport (4.0.0) lib/active_support/notifications.rb:159:in `instrument'
  actionpack (4.0.0) lib/action_view/renderer/abstract_renderer.rb:38:in `instrument'
  actionpack (4.0.0) lib/action_view/renderer/template_renderer.rb:48:in `block in render_template'
  actionpack (4.0.0) lib/action_view/renderer/template_renderer.rb:56:in `render_with_layout'
  actionpack (4.0.0) lib/action_view/renderer/template_renderer.rb:47:in `render_template'
  actionpack (4.0.0) lib/action_view/renderer/template_renderer.rb:17:in `render'
  actionpack (4.0.0) lib/action_view/renderer/renderer.rb:42:in `render_template'
  actionpack (4.0.0) lib/action_view/renderer/renderer.rb:23:in `render'
  actionpack (4.0.0) lib/abstract_controller/rendering.rb:127:in `_render_template'
  actionpack (4.0.0) lib/action_controller/metal/streaming.rb:219:in `_render_template'
  actionpack (4.0.0) lib/abstract_controller/rendering.rb:120:in `render_to_body'
  actionpack (4.0.0) lib/action_controller/metal/rendering.rb:33:in `render_to_body'
  actionpack (4.0.0) lib/action_controller/metal/renderers.rb:26:in `render_to_body'
  actionpack (4.0.0) lib/abstract_controller/rendering.rb:97:in `render'
  actionpack (4.0.0) lib/action_controller/metal/rendering.rb:16:in `render'
  actionpack (4.0.0) lib/action_controller/metal/instrumentation.rb:41:in `block (2 levels) in render'
  activesupport (4.0.0) lib/active_support/core_ext/benchmark.rb:12:in `block in ms'
  /Users/kai/.rvm/rubies/ruby-2.0.0-p247/lib/ruby/2.0.0/benchmark.rb:296:in `realtime'
  activesupport (4.0.0) lib/active_support/core_ext/benchmark.rb:12:in `ms'
  actionpack (4.0.0) lib/action_controller/metal/instrumentation.rb:41:in `block in render'
  actionpack (4.0.0) lib/action_controller/metal/instrumentation.rb:84:in `cleanup_view_runtime'
  activerecord (4.0.0) lib/active_record/railties/controller_runtime.rb:25:in `cleanup_view_runtime'
  actionpack (4.0.0) lib/action_controller/metal/instrumentation.rb:40:in `render'
  actionpack (4.0.0) lib/action_controller/metal/implicit_render.rb:10:in `default_render'
  actionpack (4.0.0) lib/action_controller/metal/implicit_render.rb:5:in `send_action'
  actionpack (4.0.0) lib/abstract_controller/base.rb:189:in `process_action'
  actionpack (4.0.0) lib/action_controller/metal/rendering.rb:10:in `process_action'
  actionpack (4.0.0) lib/abstract_controller/callbacks.rb:18:in `block in process_action'
  activesupport (4.0.0) lib/active_support/callbacks.rb:403:in `_run__1177448593878962132__process_action__callbacks'
  activesupport (4.0.0) lib/active_support/callbacks.rb:80:in `run_callbacks'
  actionpack (4.0.0) lib/abstract_controller/callbacks.rb:17:in `process_action'
  actionpack (4.0.0) lib/action_controller/metal/rescue.rb:29:in `process_action'
  actionpack (4.0.0) lib/action_controller/metal/instrumentation.rb:31:in `block in process_action'
  activesupport (4.0.0) lib/active_support/notifications.rb:159:in `block in instrument'
  activesupport (4.0.0) lib/active_support/notifications/instrumenter.rb:20:in `instrument'
  activesupport (4.0.0) lib/active_support/notifications.rb:159:in `instrument'
  actionpack (4.0.0) lib/action_controller/metal/instrumentation.rb:30:in `process_action'
  actionpack (4.0.0) lib/action_controller/metal/params_wrapper.rb:245:in `process_action'
  activerecord (4.0.0) lib/active_record/railties/controller_runtime.rb:18:in `process_action'
  actionpack (4.0.0) lib/abstract_controller/base.rb:136:in `process'
  actionpack (4.0.0) lib/abstract_controller/rendering.rb:44:in `process'
  actionpack (4.0.0) lib/action_controller/metal.rb:195:in `dispatch'
  actionpack (4.0.0) lib/action_controller/metal/rack_delegation.rb:13:in `dispatch'
  actionpack (4.0.0) lib/action_controller/metal.rb:231:in `block in action'
  actionpack (4.0.0) lib/action_dispatch/routing/route_set.rb:80:in `call'
  actionpack (4.0.0) lib/action_dispatch/routing/route_set.rb:80:in `dispatch'
  actionpack (4.0.0) lib/action_dispatch/routing/route_set.rb:48:in `call'
  actionpack (4.0.0) lib/action_dispatch/journey/router.rb:71:in `block in call'
  actionpack (4.0.0) lib/action_dispatch/journey/router.rb:59:in `each'
  actionpack (4.0.0) lib/action_dispatch/journey/router.rb:59:in `call'
  actionpack (4.0.0) lib/action_dispatch/routing/route_set.rb:655:in `call'
  rack (1.5.2) lib/rack/etag.rb:23:in `call'
  rack (1.5.2) lib/rack/conditionalget.rb:25:in `call'
  rack (1.5.2) lib/rack/head.rb:11:in `call'
  actionpack (4.0.0) lib/action_dispatch/middleware/params_parser.rb:27:in `call'
  actionpack (4.0.0) lib/action_dispatch/middleware/flash.rb:241:in `call'
  rack (1.5.2) lib/rack/session/abstract/id.rb:225:in `context'
  rack (1.5.2) lib/rack/session/abstract/id.rb:220:in `call'
  actionpack (4.0.0) lib/action_dispatch/middleware/cookies.rb:486:in `call'
  activerecord (4.0.0) lib/active_record/query_cache.rb:36:in `call'
  activerecord (4.0.0) lib/active_record/connection_adapters/abstract/connection_pool.rb:626:in `call'
  activerecord (4.0.0) lib/active_record/migration.rb:369:in `call'
  actionpack (4.0.0) lib/action_dispatch/middleware/callbacks.rb:29:in `block in call'
  activesupport (4.0.0) lib/active_support/callbacks.rb:373:in `_run__1854866762112004211__call__callbacks'
  activesupport (4.0.0) lib/active_support/callbacks.rb:80:in `run_callbacks'
  actionpack (4.0.0) lib/action_dispatch/middleware/callbacks.rb:27:in `call'
  actionpack (4.0.0) lib/action_dispatch/middleware/reloader.rb:64:in `call'
  actionpack (4.0.0) lib/action_dispatch/middleware/remote_ip.rb:76:in `call'
  actionpack (4.0.0) lib/action_dispatch/middleware/debug_exceptions.rb:17:in `call'
  actionpack (4.0.0) lib/action_dispatch/middleware/show_exceptions.rb:30:in `call'
  railties (4.0.0) lib/rails/rack/logger.rb:38:in `call_app'
  railties (4.0.0) lib/rails/rack/logger.rb:21:in `block in call'
  activesupport (4.0.0) lib/active_support/tagged_logging.rb:67:in `block in tagged'
  activesupport (4.0.0) lib/active_support/tagged_logging.rb:25:in `tagged'
  activesupport (4.0.0) lib/active_support/tagged_logging.rb:67:in `tagged'
  railties (4.0.0) lib/rails/rack/logger.rb:21:in `call'
  actionpack (4.0.0) lib/action_dispatch/middleware/request_id.rb:21:in `call'
  rack (1.5.2) lib/rack/methodoverride.rb:21:in `call'
  rack (1.5.2) lib/rack/runtime.rb:17:in `call'
  activesupport (4.0.0) lib/active_support/cache/strategy/local_cache.rb:83:in `call'
  rack (1.5.2) lib/rack/lock.rb:17:in `call'
  actionpack (4.0.0) lib/action_dispatch/middleware/static.rb:64:in `call'
  railties (4.0.0) lib/rails/engine.rb:511:in `call'
  railties (4.0.0) lib/rails/application.rb:97:in `call'
  rack (1.5.2) lib/rack/lock.rb:17:in `call'
  rack (1.5.2) lib/rack/content_length.rb:14:in `call'
  rack (1.5.2) lib/rack/handler/webrick.rb:60:in `service'
  /Users/kai/.rvm/rubies/ruby-2.0.0-p247/lib/ruby/2.0.0/webrick/httpserver.rb:138:in `service'
  /Users/kai/.rvm/rubies/ruby-2.0.0-p247/lib/ruby/2.0.0/webrick/httpserver.rb:94:in `run'
  /Users/kai/.rvm/rubies/ruby-2.0.0-p247/lib/ruby/2.0.0/webrick/server.rb:295:in `block in start_thread'


  Rendered /Users/kai/.rvm/gems/ruby-2.0.0-p247/gems/actionpack-4.0.0/lib/action_dispatch/middleware/templates/rescues/_trace.erb (2.6ms)
  Rendered /Users/kai/.rvm/gems/ruby-2.0.0-p247/gems/actionpack-4.0.0/lib/action_dispatch/middleware/templates/rescues/_request_and_response.erb (1.6ms)
  Rendered /Users/kai/.rvm/gems/ruby-2.0.0-p247/gems/actionpack-4.0.0/lib/action_dispatch/middleware/templates/rescues/template_error.erb within rescues/layout (29.6ms)


Started GET "/picture/index.json" for 127.0.0.1 at 2013-09-30 00:52:56 +0900
Processing by PictureController#index as JSON
  Rendered picture/index.json.jbuilder (60.3ms)
Completed 500 Internal Server Error in 184ms

ActionView::Template::Error (undefined local variable or method `doc' for #<#<Class:0x007fd1c2bf67b0>:0x007fd1c53325b8>):
    1: {status:true}
    2: json.doc doc
  app/views/picture/index.json.jbuilder:2:in `_app_views_picture_index_json_jbuilder__1044049859296455456_70269466693980'


  Rendered /Users/kai/.rvm/gems/ruby-2.0.0-p247/gems/actionpack-4.0.0/lib/action_dispatch/middleware/templates/rescues/_trace.erb (4.9ms)
  Rendered /Users/kai/.rvm/gems/ruby-2.0.0-p247/gems/actionpack-4.0.0/lib/action_dispatch/middleware/templates/rescues/_request_and_response.erb (1.8ms)
  Rendered /Users/kai/.rvm/gems/ruby-2.0.0-p247/gems/actionpack-4.0.0/lib/action_dispatch/middleware/templates/rescues/template_error.erb within rescues/layout (22.7ms)


Started GET "/picture/index.json" for 127.0.0.1 at 2013-09-30 00:53:22 +0900
Processing by PictureController#index as JSON
  Rendered picture/index.json.jbuilder (29.9ms)
Completed 200 OK in 678ms (Views: 33.5ms | ActiveRecord: 0.0ms)


Started GET "/picture/index.json" for 127.0.0.1 at 2013-09-30 00:54:01 +0900
Processing by PictureController#index as JSON
  Rendered picture/index.json.jbuilder (0.7ms)
Completed 200 OK in 265ms (Views: 14.3ms | ActiveRecord: 0.0ms)


Started GET "/picture/index.json" for 127.0.0.1 at 2013-09-30 00:58:32 +0900
Processing by PictureController#index as JSON
Completed 500 Internal Server Error in 30284ms

SocketError (getaddrinfo: nodename nor servname provided, or not known):
  app/controllers/picture_controller.rb:10:in `index'


  Rendered /Users/kai/.rvm/gems/ruby-2.0.0-p247/gems/actionpack-4.0.0/lib/action_dispatch/middleware/templates/rescues/_source.erb (1.2ms)
  Rendered /Users/kai/.rvm/gems/ruby-2.0.0-p247/gems/actionpack-4.0.0/lib/action_dispatch/middleware/templates/rescues/_trace.erb (2.9ms)
  Rendered /Users/kai/.rvm/gems/ruby-2.0.0-p247/gems/actionpack-4.0.0/lib/action_dispatch/middleware/templates/rescues/_request_and_response.erb (1.6ms)
  Rendered /Users/kai/.rvm/gems/ruby-2.0.0-p247/gems/actionpack-4.0.0/lib/action_dispatch/middleware/templates/rescues/diagnostics.erb within rescues/layout (39.8ms)


Started GET "/picture/index.json" for 127.0.0.1 at 2013-09-30 01:00:45 +0900
Processing by PictureController#index as JSON
Completed 500 Internal Server Error in 30022ms

SocketError (getaddrinfo: nodename nor servname provided, or not known):
  app/controllers/picture_controller.rb:11:in `index'


  Rendered /Users/kai/.rvm/gems/ruby-2.0.0-p247/gems/actionpack-4.0.0/lib/action_dispatch/middleware/templates/rescues/_source.erb (5.9ms)
  Rendered /Users/kai/.rvm/gems/ruby-2.0.0-p247/gems/actionpack-4.0.0/lib/action_dispatch/middleware/templates/rescues/_trace.erb (9.3ms)
  Rendered /Users/kai/.rvm/gems/ruby-2.0.0-p247/gems/actionpack-4.0.0/lib/action_dispatch/middleware/templates/rescues/_request_and_response.erb (10.1ms)
  Rendered /Users/kai/.rvm/gems/ruby-2.0.0-p247/gems/actionpack-4.0.0/lib/action_dispatch/middleware/templates/rescues/diagnostics.erb within rescues/layout (76.9ms)


Started GET "/picture/index.json" for 127.0.0.1 at 2013-09-30 01:02:45 +0900
Processing by PictureController#index as JSON
Completed 500 Internal Server Error in 30025ms

SocketError (getaddrinfo: nodename nor servname provided, or not known):
  app/controllers/picture_controller.rb:12:in `index'


  Rendered /Users/kai/.rvm/gems/ruby-2.0.0-p247/gems/actionpack-4.0.0/lib/action_dispatch/middleware/templates/rescues/_source.erb (7.7ms)
  Rendered /Users/kai/.rvm/gems/ruby-2.0.0-p247/gems/actionpack-4.0.0/lib/action_dispatch/middleware/templates/rescues/_trace.erb (30.8ms)
  Rendered /Users/kai/.rvm/gems/ruby-2.0.0-p247/gems/actionpack-4.0.0/lib/action_dispatch/middleware/templates/rescues/_request_and_response.erb (12.6ms)
  Rendered /Users/kai/.rvm/gems/ruby-2.0.0-p247/gems/actionpack-4.0.0/lib/action_dispatch/middleware/templates/rescues/diagnostics.erb within rescues/layout (116.8ms)


Started GET "/picture/index.json" for 127.0.0.1 at 2013-09-30 01:04:23 +0900
Processing by PictureController#index as JSON
Completed 500 Internal Server Error in 30080ms

SocketError (getaddrinfo: nodename nor servname provided, or not known):
  app/controllers/picture_controller.rb:12:in `index'


  Rendered /Users/kai/.rvm/gems/ruby-2.0.0-p247/gems/actionpack-4.0.0/lib/action_dispatch/middleware/templates/rescues/_source.erb (3.3ms)
  Rendered /Users/kai/.rvm/gems/ruby-2.0.0-p247/gems/actionpack-4.0.0/lib/action_dispatch/middleware/templates/rescues/_trace.erb (27.6ms)
  Rendered /Users/kai/.rvm/gems/ruby-2.0.0-p247/gems/actionpack-4.0.0/lib/action_dispatch/middleware/templates/rescues/_request_and_response.erb (4.5ms)
  Rendered /Users/kai/.rvm/gems/ruby-2.0.0-p247/gems/actionpack-4.0.0/lib/action_dispatch/middleware/templates/rescues/diagnostics.erb within rescues/layout (82.0ms)


Started GET "/picture/index.json" for 127.0.0.1 at 2013-09-30 01:05:49 +0900
Processing by PictureController#index as JSON
Completed 500 Internal Server Error in 30013ms

SocketError (getaddrinfo: nodename nor servname provided, or not known):
  app/controllers/picture_controller.rb:12:in `index'


  Rendered /Users/kai/.rvm/gems/ruby-2.0.0-p247/gems/actionpack-4.0.0/lib/action_dispatch/middleware/templates/rescues/_source.erb (1.7ms)
  Rendered /Users/kai/.rvm/gems/ruby-2.0.0-p247/gems/actionpack-4.0.0/lib/action_dispatch/middleware/templates/rescues/_trace.erb (4.0ms)
  Rendered /Users/kai/.rvm/gems/ruby-2.0.0-p247/gems/actionpack-4.0.0/lib/action_dispatch/middleware/templates/rescues/_request_and_response.erb (1.9ms)
  Rendered /Users/kai/.rvm/gems/ruby-2.0.0-p247/gems/actionpack-4.0.0/lib/action_dispatch/middleware/templates/rescues/diagnostics.erb within rescues/layout (37.0ms)


Started GET "/picture/index.json" for 127.0.0.1 at 2013-09-30 01:13:21 +0900
Processing by PictureController#index as JSON
  Rendered picture/index.json.jbuilder (2.4ms)
Completed 200 OK in 6834ms (Views: 14.7ms | ActiveRecord: 0.0ms)


Started GET "/picture/index.json" for 127.0.0.1 at 2013-09-30 01:15:00 +0900
Processing by PictureController#index as JSON
Completed 500 Internal Server Error in 30028ms

SocketError (getaddrinfo: nodename nor servname provided, or not known):
  app/controllers/picture_controller.rb:12:in `index'


  Rendered /Users/kai/.rvm/gems/ruby-2.0.0-p247/gems/actionpack-4.0.0/lib/action_dispatch/middleware/templates/rescues/_source.erb (1.5ms)
  Rendered /Users/kai/.rvm/gems/ruby-2.0.0-p247/gems/actionpack-4.0.0/lib/action_dispatch/middleware/templates/rescues/_trace.erb (4.4ms)
  Rendered /Users/kai/.rvm/gems/ruby-2.0.0-p247/gems/actionpack-4.0.0/lib/action_dispatch/middleware/templates/rescues/_request_and_response.erb (3.8ms)
  Rendered /Users/kai/.rvm/gems/ruby-2.0.0-p247/gems/actionpack-4.0.0/lib/action_dispatch/middleware/templates/rescues/diagnostics.erb within rescues/layout (48.5ms)


Started GET "/picture/index.json" for 127.0.0.1 at 2013-09-30 01:16:16 +0900
Processing by PictureController#index as JSON
Completed 500 Internal Server Error in 30022ms

SocketError (getaddrinfo: nodename nor servname provided, or not known):
  app/controllers/picture_controller.rb:12:in `index'


  Rendered /Users/kai/.rvm/gems/ruby-2.0.0-p247/gems/actionpack-4.0.0/lib/action_dispatch/middleware/templates/rescues/_source.erb (21.0ms)
  Rendered /Users/kai/.rvm/gems/ruby-2.0.0-p247/gems/actionpack-4.0.0/lib/action_dispatch/middleware/templates/rescues/_trace.erb (39.4ms)
  Rendered /Users/kai/.rvm/gems/ruby-2.0.0-p247/gems/actionpack-4.0.0/lib/action_dispatch/middleware/templates/rescues/_request_and_response.erb (23.0ms)
  Rendered /Users/kai/.rvm/gems/ruby-2.0.0-p247/gems/actionpack-4.0.0/lib/action_dispatch/middleware/templates/rescues/diagnostics.erb within rescues/layout (164.7ms)


Started GET "/picture/index.json" for 127.0.0.1 at 2013-09-30 01:17:18 +0900
Processing by PictureController#index as JSON
Completed 500 Internal Server Error in 30006ms

SocketError (getaddrinfo: nodename nor servname provided, or not known):
  app/controllers/picture_controller.rb:12:in `index'


  Rendered /Users/kai/.rvm/gems/ruby-2.0.0-p247/gems/actionpack-4.0.0/lib/action_dispatch/middleware/templates/rescues/_source.erb (3.3ms)
  Rendered /Users/kai/.rvm/gems/ruby-2.0.0-p247/gems/actionpack-4.0.0/lib/action_dispatch/middleware/templates/rescues/_trace.erb (12.6ms)
  Rendered /Users/kai/.rvm/gems/ruby-2.0.0-p247/gems/actionpack-4.0.0/lib/action_dispatch/middleware/templates/rescues/_request_and_response.erb (1331.0ms)
  Rendered /Users/kai/.rvm/gems/ruby-2.0.0-p247/gems/actionpack-4.0.0/lib/action_dispatch/middleware/templates/rescues/diagnostics.erb within rescues/layout (1375.8ms)


Started GET "/picture/index.json" for 127.0.0.1 at 2013-09-30 01:19:25 +0900
Processing by PictureController#index as JSON
  Rendered picture/index.json.jbuilder (1.5ms)
Completed 200 OK in 9ms (Views: 6.5ms | ActiveRecord: 0.0ms)


Started GET "/picture/index.json?word=book" for 127.0.0.1 at 2013-09-30 01:19:36 +0900
Processing by PictureController#index as JSON
  Parameters: {"word"=>"book"}
Completed 500 Internal Server Error in 30007ms

SocketError (getaddrinfo: nodename nor servname provided, or not known):
  app/controllers/picture_controller.rb:17:in `index'


  Rendered /Users/kai/.rvm/gems/ruby-2.0.0-p247/gems/actionpack-4.0.0/lib/action_dispatch/middleware/templates/rescues/_source.erb (4.3ms)
  Rendered /Users/kai/.rvm/gems/ruby-2.0.0-p247/gems/actionpack-4.0.0/lib/action_dispatch/middleware/templates/rescues/_trace.erb (2.1ms)
  Rendered /Users/kai/.rvm/gems/ruby-2.0.0-p247/gems/actionpack-4.0.0/lib/action_dispatch/middleware/templates/rescues/_request_and_response.erb (7.2ms)
  Rendered /Users/kai/.rvm/gems/ruby-2.0.0-p247/gems/actionpack-4.0.0/lib/action_dispatch/middleware/templates/rescues/diagnostics.erb within rescues/layout (69.3ms)


Started GET "/picture/index.json?word=book" for 127.0.0.1 at 2013-09-30 01:20:58 +0900
Processing by PictureController#index as JSON
  Parameters: {"word"=>"book"}
Completed 500 Internal Server Error in 30008ms

SocketError (getaddrinfo: nodename nor servname provided, or not known):
  app/controllers/picture_controller.rb:17:in `index'


  Rendered /Users/kai/.rvm/gems/ruby-2.0.0-p247/gems/actionpack-4.0.0/lib/action_dispatch/middleware/templates/rescues/_source.erb (2.4ms)
  Rendered /Users/kai/.rvm/gems/ruby-2.0.0-p247/gems/actionpack-4.0.0/lib/action_dispatch/middleware/templates/rescues/_trace.erb (7.2ms)
  Rendered /Users/kai/.rvm/gems/ruby-2.0.0-p247/gems/actionpack-4.0.0/lib/action_dispatch/middleware/templates/rescues/_request_and_response.erb (4.7ms)
  Rendered /Users/kai/.rvm/gems/ruby-2.0.0-p247/gems/actionpack-4.0.0/lib/action_dispatch/middleware/templates/rescues/diagnostics.erb within rescues/layout (50.6ms)


Started GET "/picture/index.json?word=book" for 127.0.0.1 at 2013-09-30 01:21:46 +0900
Processing by PictureController#index as JSON
  Parameters: {"word"=>"book"}
Completed 500 Internal Server Error in 30011ms

SocketError (getaddrinfo: nodename nor servname provided, or not known):
  app/controllers/picture_controller.rb:17:in `index'


  Rendered /Users/kai/.rvm/gems/ruby-2.0.0-p247/gems/actionpack-4.0.0/lib/action_dispatch/middleware/templates/rescues/_source.erb (1.9ms)
  Rendered /Users/kai/.rvm/gems/ruby-2.0.0-p247/gems/actionpack-4.0.0/lib/action_dispatch/middleware/templates/rescues/_trace.erb (5.9ms)
  Rendered /Users/kai/.rvm/gems/ruby-2.0.0-p247/gems/actionpack-4.0.0/lib/action_dispatch/middleware/templates/rescues/_request_and_response.erb (2.0ms)
  Rendered /Users/kai/.rvm/gems/ruby-2.0.0-p247/gems/actionpack-4.0.0/lib/action_dispatch/middleware/templates/rescues/diagnostics.erb within rescues/layout (41.5ms)


Started GET "/picture/index.json?word=book" for 127.0.0.1 at 2013-09-30 01:22:49 +0900
Processing by PictureController#index as JSON
  Parameters: {"word"=>"book"}
Completed 200 OK in 9681ms (Views: 0.5ms | ActiveRecord: 0.0ms)
